<?xml version="1.0" encoding="UTF-8"?>
<!-- Generated by org.testng.reporters.JUnitXMLReporter -->
<testsuite ignored="2" hostname="Pop-FQP2KX64MK.local" failures="0" tests="1" name="Command line test" time="17.982" errors="0" timestamp="2026-03-28T19:29:50 IST">
  <testcase classname="com.popclub.runner.TestRunnerTest" name="validateTags" time="15.755"/>
  <testcase classname="com.popclub.runner.TestRunnerTest" name="loginTest" time="0.0">
    <ignored/>
  </testcase> <!-- loginTest -->
  <testcase classname="com.popclub.runner.TestRunnerTest" name="runTest" time="0.0">
    <ignored/>
  </testcase> <!-- runTest -->
</testsuite> <!-- Command line test -->
