<?xml version="1.0" encoding="UTF-8"?>
<testng-results ignored="2" total="3" passed="1" failed="0" skipped="0">
  <reporter-output>
  </reporter-output>
  <suite started-at="2026-03-28T19:29:27 IST" name="Command line suite" finished-at="2026-03-28T19:29:45 IST" duration-ms="17982">
    <groups>
    </groups>
    <test started-at="2026-03-28T19:29:27 IST" name="Command line test" finished-at="2026-03-28T19:29:45 IST" duration-ms="17982">
      <class name="com.popclub.runner.TestRunnerTest">
        <test-method is-config="true" signature="loadTestSigmaSteps()[pri:0, instance:com.popclub.runner.TestRunnerTest@5c072e3f]" started-at="2026-03-28T19:29:27 IST" name="loadTestSigmaSteps" finished-at="2026-03-28T19:29:29 IST" duration-ms="2209" status="PASS">
          <reporter-output>
          </reporter-output>
        </test-method> <!-- loadTestSigmaSteps -->
        <test-method signature="validateTags()[pri:0, instance:com.popclub.runner.TestRunnerTest@5c072e3f]" started-at="2026-03-28T19:29:29 IST" name="validateTags" finished-at="2026-03-28T19:29:45 IST" duration-ms="15755" status="PASS">
          <reporter-output>
          </reporter-output>
        </test-method> <!-- validateTags -->
        <test-method is-config="true" signature="tearDown()[pri:0, instance:com.popclub.runner.TestRunnerTest@5c072e3f]" started-at="2026-03-28T19:29:50 IST" name="tearDown" finished-at="2026-03-28T19:29:50 IST" duration-ms="27" status="PASS">
          <reporter-output>
          </reporter-output>
        </test-method> <!-- tearDown -->
      </class> <!-- com.popclub.runner.TestRunnerTest -->
    </test> <!-- Command line test -->
  </suite> <!-- Command line suite -->
</testng-results>
